Дата и Время вызова функции 2023-07-29 19:53:44.040674 
 Имя функции hello_world 
 Аргументы функции args(), kwargs{} 
 Hello World 
Дата и Время вызова функции 2023-07-29 19:53:44.040674 
 Имя функции summator 
 Аргументы функции args(2, 2), kwargs{} 
 4 
Дата и Время вызова функции 2023-07-29 19:53:44.040674 
 Имя функции div 
 Аргументы функции args(6, 2), kwargs{} 
 3.0 
Дата и Время вызова функции 2023-07-29 19:53:44.040674 
 Имя функции summator 
 Аргументы функции args(4.3,), kwargs{'b': 2.2} 
 6.5 
Дата и Время вызова функции 2023-07-29 19:53:44.041674 
 Имя функции summator 
 Аргументы функции args(), kwargs{'a': 0, 'b': 0} 
 0 
